<?xml version="1.0" encoding="UTF-8"?>
<!-- Generated by org.testng.reporters.JUnitReportReporter -->
<testsuite hostname="DESKTOP-ITTVGV5" failures="0" tests="1" name="My_magento_lab.Login_Test_Cases" time="0.467" errors="0" timestamp="2023-10-05T15:36:32 EET" skipped="0">
  <testcase classname="My_magento_lab.Login_Test_Cases" name="myTest1" time="0.467"/>
  <system-out/>
</testsuite> <!-- My_magento_lab.Login_Test_Cases -->
